<?xml version="1.0" encoding="UTF-8"?>
<!-- Generated by org.testng.reporters.JUnitReportReporter -->
<testsuite hostname="DESKTOP-D3AO1LH" failures="0" tests="1" name="Opencart.cartt.OpenCartStandAloneTest" time="5.954" errors="0" timestamp="2025-10-28T21:00:05 IST" skipped="0">
  <testcase classname="Opencart.cartt.OpenCartStandAloneTest" name="standAlonetest" time="5.954"/>
</testsuite> <!-- Opencart.cartt.OpenCartStandAloneTest -->
